<?xml version="1.0" encoding="UTF-8"?>
<!-- Generated by org.testng.reporters.JUnitReportReporter -->
<testsuite ignored="0" hostname="h-MacBook-Pro-sl-Tal.local" failures="0" tests="3" name="PhaseOne" time="18.992" errors="0" timestamp="05 Nov 2020 19:37:17 GMT" skipped="0">
  <testcase classname="PhaseOne" name="testThree" time="2.071"/>
  <testcase classname="PhaseOne" name="testOne" time="15.836"/>
  <testcase classname="PhaseOne" name="testTwo" time="1.085"/>
</testsuite> <!-- PhaseOne -->
